app/build/outputs/logs/manifest-merger-debug-report.txt
-- Merging decision tree log ---
manifest
ADDED from src\main\AndroidManifest.xml:2:1-28:12
	package
		ADDED from src\main\AndroidManifest.xml:3:11-35
		INJECTED from src\main\AndroidManifest.xml
		INJECTED from src\main\AndroidManifest.xml
	android:versionName
		ADDED from src\main\AndroidManifest.xml:5:11-36
		INJECTED from src\main\AndroidManifest.xml
		INJECTED from src\main\AndroidManifest.xml
	android:versionCode
		ADDED from src\main\AndroidManifest.xml:4:11-34
		INJECTED from src\main\AndroidManifest.xml
		INJECTED from src\main\AndroidManifest.xml
	xmlns:android
		ADDED from src\main\AndroidManifest.xml:2:11-69
uses-permission#android.permission.VIBRATE
ADDED from src\main\AndroidManifest.xml:7:4-64
	android:name
		ADDED from src\main\AndroidManifest.xml:7:21-62
application
ADDED from src\main\AndroidManifest.xml:9:4-26:18
MERGED from [com.android.support:support-v4:21.0.3] AndroidManifest.xml:16:5-19
	android:label
		ADDED from src\main\AndroidManifest.xml:12:7-39
	android:allowBackup
		ADDED from src\main\AndroidManifest.xml:10:7-33
	android:icon
		ADDED from src\main\AndroidManifest.xml:11:7-43
	android:theme
		ADDED from src\main\AndroidManifest.xml:13:7-38
activity#de.ur.mi.android.tasks.eggtimer.EggTimerActivity
ADDED from src\main\AndroidManifest.xml:14:7-22:18
	android:label
		ADDED from src\main\AndroidManifest.xml:16:10-42
	android:name
		ADDED from src\main\AndroidManifest.xml:15:10-73
intent-filter#android.intent.action.MAIN+android.intent.category.LAUNCHER
ADDED from src\main\AndroidManifest.xml:17:10-21:26
action#android.intent.action.MAIN
ADDED from src\main\AndroidManifest.xml:18:13-64
	android:name
		ADDED from src\main\AndroidManifest.xml:18:21-62
category#android.intent.category.LAUNCHER
ADDED from src\main\AndroidManifest.xml:20:13-72
	android:name
		ADDED from src\main\AndroidManifest.xml:20:23-70
service#de.ur.mi.android.tasks.eggtimer.EggTimerService
ADDED from src\main\AndroidManifest.xml:23:7-25:74
	android:enabled
		ADDED from src\main\AndroidManifest.xml:24:10-32
	android:name
		ADDED from src\main\AndroidManifest.xml:25:10-72
uses-sdk
INJECTED from src\main\AndroidManifest.xml reason: use-sdk injection requested
MERGED from [com.android.support:support-v4:21.0.3] AndroidManifest.xml:15:5-42
	android:targetSdkVersion
		INJECTED from src\main\AndroidManifest.xml
		INJECTED from src\main\AndroidManifest.xml
	android:minSdkVersion
		INJECTED from src\main\AndroidManifest.xml
		INJECTED from src\main\AndroidManifest.xml